#! /usr/bin/vvp
:ivl_version "11.0 (stable)" "(v11_0)";
:ivl_delay_selection "TYPICAL";
:vpi_time_precision + 0;
:vpi_module "/usr/lib/ivl/system.vpi";
:vpi_module "/usr/lib/ivl/vhdl_sys.vpi";
:vpi_module "/usr/lib/ivl/vhdl_textio.vpi";
:vpi_module "/usr/lib/ivl/v2005_math.vpi";
:vpi_module "/usr/lib/ivl/va_math.vpi";
S_0x564d26434000 .scope module, "serial_ip_test_bench" "serial_ip_test_bench" 2 1;
 .timescale 0 0;
v0x564d263f2300_0 .net "Xi0", 31 0, L_0x564d2647a610;  1 drivers
v0x564d264639b0_0 .net "Xi1", 31 0, L_0x564d2647b410;  1 drivers
v0x564d26463a70_0 .net "Xi2", 31 0, L_0x564d2647ad10;  1 drivers
v0x564d26463b10_0 .net "Xi3", 31 0, L_0x564d2647bb10;  1 drivers
v0x564d26463bd0_0 .net "Xi4", 31 0, L_0x564d2647a860;  1 drivers
v0x564d26463ce0_0 .net "Xi5", 31 0, L_0x564d2647b660;  1 drivers
v0x564d26463da0_0 .net "Xi6", 31 0, L_0x564d2647af60;  1 drivers
v0x564d26463e60_0 .net "Xi7", 31 0, L_0x564d2647bd60;  1 drivers
v0x564d26463f20_0 .net "Xr0", 31 0, L_0x564d2647a290;  1 drivers
v0x564d26463fe0_0 .net "Xr1", 31 0, L_0x564d2647b090;  1 drivers
v0x564d264640a0_0 .net "Xr2", 31 0, L_0x564d2647a990;  1 drivers
v0x564d26464160_0 .net "Xr3", 31 0, L_0x564d2647b790;  1 drivers
v0x564d26464220_0 .net "Xr4", 31 0, L_0x564d2647a4e0;  1 drivers
v0x564d264642e0_0 .net "Xr5", 31 0, L_0x564d2647b2e0;  1 drivers
v0x564d264643a0_0 .net "Xr6", 31 0, L_0x564d2647abe0;  1 drivers
v0x564d26464460_0 .net "Xr7", 31 0, L_0x564d2647b9e0;  1 drivers
v0x564d26464520_0 .var "clk", 0 0;
v0x564d264645c0_0 .var "data", 31 0;
S_0x564d26434c40 .scope module, "DUT" "sendSignal" 2 7, 3 1 0, S_0x564d26434000;
 .timescale 0 0;
    .port_info 0 /INPUT 1 "clk";
    .port_info 1 /INPUT 32 "data";
    .port_info 2 /OUTPUT 32 "Xr0";
    .port_info 3 /OUTPUT 32 "Xr1";
    .port_info 4 /OUTPUT 32 "Xr2";
    .port_info 5 /OUTPUT 32 "Xr3";
    .port_info 6 /OUTPUT 32 "Xr4";
    .port_info 7 /OUTPUT 32 "Xr5";
    .port_info 8 /OUTPUT 32 "Xr6";
    .port_info 9 /OUTPUT 32 "Xr7";
    .port_info 10 /OUTPUT 32 "Xi0";
    .port_info 11 /OUTPUT 32 "Xi1";
    .port_info 12 /OUTPUT 32 "Xi2";
    .port_info 13 /OUTPUT 32 "Xi3";
    .port_info 14 /OUTPUT 32 "Xi4";
    .port_info 15 /OUTPUT 32 "Xi5";
    .port_info 16 /OUTPUT 32 "Xi6";
    .port_info 17 /OUTPUT 32 "Xi7";
v0x564d26461e00_0 .var "A0", 31 0;
v0x564d26461ee0_0 .var "A1", 31 0;
v0x564d26461f80_0 .var "A2", 31 0;
v0x564d26462050_0 .var "A3", 31 0;
v0x564d26462120_0 .var "A4", 31 0;
v0x564d26462210_0 .var "A5", 31 0;
v0x564d264622e0_0 .var "A6", 31 0;
v0x564d264623b0_0 .var "A7", 31 0;
v0x564d26462480_0 .net "Xi0", 31 0, L_0x564d2647a610;  alias, 1 drivers
v0x564d26462520_0 .net "Xi1", 31 0, L_0x564d2647b410;  alias, 1 drivers
v0x564d26462610_0 .net "Xi2", 31 0, L_0x564d2647ad10;  alias, 1 drivers
v0x564d26462720_0 .net "Xi3", 31 0, L_0x564d2647bb10;  alias, 1 drivers
v0x564d26462830_0 .net "Xi4", 31 0, L_0x564d2647a860;  alias, 1 drivers
v0x564d26462940_0 .net "Xi5", 31 0, L_0x564d2647b660;  alias, 1 drivers
v0x564d26462a50_0 .net "Xi6", 31 0, L_0x564d2647af60;  alias, 1 drivers
v0x564d26462b60_0 .net "Xi7", 31 0, L_0x564d2647bd60;  alias, 1 drivers
v0x564d26462c70_0 .net "Xr0", 31 0, L_0x564d2647a290;  alias, 1 drivers
v0x564d26462d80_0 .net "Xr1", 31 0, L_0x564d2647b090;  alias, 1 drivers
v0x564d26462e90_0 .net "Xr2", 31 0, L_0x564d2647a990;  alias, 1 drivers
v0x564d26462fa0_0 .net "Xr3", 31 0, L_0x564d2647b790;  alias, 1 drivers
v0x564d264630b0_0 .net "Xr4", 31 0, L_0x564d2647a4e0;  alias, 1 drivers
v0x564d264631c0_0 .net "Xr5", 31 0, L_0x564d2647b2e0;  alias, 1 drivers
v0x564d264632d0_0 .net "Xr6", 31 0, L_0x564d2647abe0;  alias, 1 drivers
v0x564d264633e0_0 .net "Xr7", 31 0, L_0x564d2647b9e0;  alias, 1 drivers
v0x564d264634f0_0 .net "clk", 0 0, v0x564d26464520_0;  1 drivers
v0x564d264635b0_0 .net "data", 31 0, v0x564d264645c0_0;  1 drivers
E_0x564d263dae90 .event posedge, v0x564d264634f0_0;
S_0x564d26431e10 .scope module, "ff" "fft8" 3 35, 4 1 0, S_0x564d26434c40;
 .timescale 0 0;
    .port_info 0 /INPUT 32 "A0";
    .port_info 1 /INPUT 32 "A1";
    .port_info 2 /INPUT 32 "A2";
    .port_info 3 /INPUT 32 "A3";
    .port_info 4 /INPUT 32 "A4";
    .port_info 5 /INPUT 32 "A5";
    .port_info 6 /INPUT 32 "A6";
    .port_info 7 /INPUT 32 "A7";
    .port_info 8 /OUTPUT 32 "Xr0";
    .port_info 9 /OUTPUT 32 "Xr1";
    .port_info 10 /OUTPUT 32 "Xr2";
    .port_info 11 /OUTPUT 32 "Xr3";
    .port_info 12 /OUTPUT 32 "Xi0";
    .port_info 13 /OUTPUT 32 "Xi1";
    .port_info 14 /OUTPUT 32 "Xi2";
    .port_info 15 /OUTPUT 32 "Xi3";
    .port_info 16 /OUTPUT 32 "Xr4";
    .port_info 17 /OUTPUT 32 "Xr5";
    .port_info 18 /OUTPUT 32 "Xr6";
    .port_info 19 /OUTPUT 32 "Xr7";
    .port_info 20 /OUTPUT 32 "Xi4";
    .port_info 21 /OUTPUT 32 "Xi5";
    .port_info 22 /OUTPUT 32 "Xi6";
    .port_info 23 /OUTPUT 32 "Xi7";
v0x564d2645d230_0 .net "A0", 31 0, v0x564d26461e00_0;  1 drivers
v0x564d2645d330_0 .net "A1", 31 0, v0x564d26461ee0_0;  1 drivers
v0x564d2645d410_0 .net "A2", 31 0, v0x564d26461f80_0;  1 drivers
v0x564d2645d4d0_0 .net "A3", 31 0, v0x564d26462050_0;  1 drivers
v0x564d2645d5b0_0 .net "A4", 31 0, v0x564d26462120_0;  1 drivers
v0x564d2645d690_0 .net "A5", 31 0, v0x564d26462210_0;  1 drivers
v0x564d2645d770_0 .net "A6", 31 0, v0x564d264622e0_0;  1 drivers
v0x564d2645d850_0 .net "A7", 31 0, v0x564d264623b0_0;  1 drivers
v0x564d2645d930_0 .net "Xi0", 31 0, L_0x564d2647a610;  alias, 1 drivers
v0x564d2645da80_0 .net "Xi1", 31 0, L_0x564d2647b410;  alias, 1 drivers
v0x564d2645db50_0 .net "Xi2", 31 0, L_0x564d2647ad10;  alias, 1 drivers
v0x564d2645dc20_0 .net "Xi3", 31 0, L_0x564d2647bb10;  alias, 1 drivers
v0x564d2645dcf0_0 .net "Xi4", 31 0, L_0x564d2647a860;  alias, 1 drivers
v0x564d2645ddc0_0 .net "Xi5", 31 0, L_0x564d2647b660;  alias, 1 drivers
v0x564d2645de90_0 .net "Xi6", 31 0, L_0x564d2647af60;  alias, 1 drivers
v0x564d2645df60_0 .net "Xi7", 31 0, L_0x564d2647bd60;  alias, 1 drivers
v0x564d2645e030_0 .net "Xr0", 31 0, L_0x564d2647a290;  alias, 1 drivers
v0x564d2645e100_0 .net "Xr1", 31 0, L_0x564d2647b090;  alias, 1 drivers
v0x564d2645e1d0_0 .net "Xr2", 31 0, L_0x564d2647a990;  alias, 1 drivers
v0x564d2645e2a0_0 .net "Xr3", 31 0, L_0x564d2647b790;  alias, 1 drivers
v0x564d2645e370_0 .net "Xr4", 31 0, L_0x564d2647a4e0;  alias, 1 drivers
v0x564d2645e440_0 .net "Xr5", 31 0, L_0x564d2647b2e0;  alias, 1 drivers
v0x564d2645e510_0 .net "Xr6", 31 0, L_0x564d2647abe0;  alias, 1 drivers
v0x564d2645e5e0_0 .net "Xr7", 31 0, L_0x564d2647b9e0;  alias, 1 drivers
v0x564d2645e6b0_0 .net "ai0", 31 0, L_0x564d26475840;  1 drivers
v0x564d2645e750_0 .net "ai1", 31 0, L_0x564d26475f00;  1 drivers
v0x564d2645e860_0 .net "ai2", 31 0, L_0x564d264764c0;  1 drivers
v0x564d2645e970_0 .net "ai3", 31 0, L_0x564d26476a80;  1 drivers
v0x564d2645ea80_0 .net "ai4", 31 0, L_0x564d26477040;  1 drivers
v0x564d2645eb90_0 .net "ai5", 31 0, L_0x564d264776a0;  1 drivers
v0x564d2645eca0_0 .net "ai6", 31 0, L_0x564d26477d00;  1 drivers
v0x564d2645edb0_0 .net "ai7", 31 0, L_0x564d26478360;  1 drivers
v0x564d2645eec0_0 .net "ar0", 31 0, L_0x564d26475530;  1 drivers
v0x564d2645efd0_0 .net "ar1", 31 0, L_0x564d26475c80;  1 drivers
v0x564d2645f0e0_0 .net "ar2", 31 0, L_0x564d26476120;  1 drivers
v0x564d2645f1f0_0 .net "ar3", 31 0, L_0x564d264766e0;  1 drivers
v0x564d2645f300_0 .net "ar4", 31 0, L_0x564d26476ca0;  1 drivers
v0x564d2645f410_0 .net "ar5", 31 0, L_0x564d26477300;  1 drivers
v0x564d2645f520_0 .net "ar6", 31 0, L_0x564d26477960;  1 drivers
v0x564d2645f630_0 .net "ar7", 31 0, L_0x564d26477fc0;  1 drivers
v0x564d2645f740_0 .net "bi0", 31 0, L_0x564d26478600;  1 drivers
v0x564d2645f850_0 .net "bi1", 31 0, L_0x564d26478980;  1 drivers
v0x564d2645f960_0 .net "bi2", 31 0, L_0x564d26478be0;  1 drivers
v0x564d2645fa70_0 .net "bi3", 31 0, L_0x564d26478d60;  1 drivers
v0x564d2645fb80_0 .net "bi4", 31 0, L_0x564d26478fc0;  1 drivers
v0x564d2645fc90_0 .net "bi5", 31 0, L_0x564d26479340;  1 drivers
v0x564d2645fda0_0 .net "bi6", 31 0, L_0x564d264795a0;  1 drivers
v0x564d2645feb0_0 .net "bi7", 31 0, L_0x564d26479720;  1 drivers
v0x564d2645ffc0_0 .net "br0", 31 0, L_0x564d26478440;  1 drivers
v0x564d264600d0_0 .net "br1", 31 0, L_0x564d264787c0;  1 drivers
v0x564d264601e0_0 .net "br2", 31 0, L_0x564d26478b40;  1 drivers
v0x564d264602f0_0 .net "br3", 31 0, L_0x564d26478cc0;  1 drivers
v0x564d26460400_0 .net "br4", 31 0, L_0x564d26478e00;  1 drivers
v0x564d26460510_0 .net "br5", 31 0, L_0x564d26479180;  1 drivers
v0x564d26460620_0 .net "br6", 31 0, L_0x564d26479500;  1 drivers
v0x564d26460730_0 .net "br7", 31 0, L_0x564d26479680;  1 drivers
v0x564d26460840 .array "cos", 3 0, 31 0;
v0x564d26460900_0 .net "ri3", 31 0, L_0x564d26479c00;  1 drivers
v0x564d264609f0_0 .net "ri7", 31 0, L_0x564d2647a1b0;  1 drivers
v0x564d26460ae0_0 .net "rr3", 31 0, L_0x564d26479a20;  1 drivers
v0x564d26460bd0_0 .net "rr7", 31 0, L_0x564d26479fd0;  1 drivers
v0x564d26460ce0 .array "sin", 3 0, 31 0;
L_0x7ff77c35c018 .functor BUFT 1, C4<00000000000000000000000000000000>, C4<0>, C4<0>, C4<0>;
v0x564d26460da0_0 .net "ti0", 31 0, L_0x7ff77c35c018;  1 drivers
L_0x7ff77c35c060 .functor BUFT 1, C4<00000000000000000000000000000000>, C4<0>, C4<0>, C4<0>;
v0x564d26460e40_0 .net "ti1", 31 0, L_0x7ff77c35c060;  1 drivers
L_0x7ff77c35c0a8 .functor BUFT 1, C4<00000000000000000000000000000000>, C4<0>, C4<0>, C4<0>;
v0x564d26460ee0_0 .net "ti2", 31 0, L_0x7ff77c35c0a8;  1 drivers
L_0x7ff77c35c0f0 .functor BUFT 1, C4<00000000000000000000000000000000>, C4<0>, C4<0>, C4<0>;
v0x564d26461390_0 .net "ti3", 31 0, L_0x7ff77c35c0f0;  1 drivers
L_0x7ff77c35c138 .functor BUFT 1, C4<00000000000000000000000000000000>, C4<0>, C4<0>, C4<0>;
v0x564d26461430_0 .net "ti4", 31 0, L_0x7ff77c35c138;  1 drivers
L_0x7ff77c35c180 .functor BUFT 1, C4<00000000000000000000000000000000>, C4<0>, C4<0>, C4<0>;
v0x564d264614d0_0 .net "ti5", 31 0, L_0x7ff77c35c180;  1 drivers
L_0x7ff77c35c1c8 .functor BUFT 1, C4<00000000000000000000000000000000>, C4<0>, C4<0>, C4<0>;
v0x564d26461570_0 .net "ti6", 31 0, L_0x7ff77c35c1c8;  1 drivers
L_0x7ff77c35c210 .functor BUFT 1, C4<00000000000000000000000000000000>, C4<0>, C4<0>, C4<0>;
v0x564d26461610_0 .net "ti7", 31 0, L_0x7ff77c35c210;  1 drivers
v0x564d264616b0_0 .net "tr0", 31 0, L_0x564d26464660;  1 drivers
v0x564d26461750_0 .net "tr1", 31 0, L_0x564d26464810;  1 drivers
v0x564d264617f0_0 .net "tr2", 31 0, L_0x564d264649a0;  1 drivers
v0x564d26461890_0 .net "tr3", 31 0, L_0x564d26464b30;  1 drivers
v0x564d26461930_0 .net "tr4", 31 0, L_0x564d26464cc0;  1 drivers
v0x564d264619d0_0 .net "tr5", 31 0, L_0x564d26464db0;  1 drivers
v0x564d26461a70_0 .net "tr6", 31 0, L_0x564d26464ee0;  1 drivers
v0x564d26461b10_0 .net "tr7", 31 0, L_0x564d26464fd0;  1 drivers
L_0x564d26464660 .arith/sum 32, v0x564d26461e00_0, v0x564d26462120_0;
L_0x564d26464810 .arith/sum 32, v0x564d26461ee0_0, v0x564d26462210_0;
L_0x564d264649a0 .arith/sum 32, v0x564d26461f80_0, v0x564d264622e0_0;
L_0x564d26464b30 .arith/sum 32, v0x564d26462050_0, v0x564d264623b0_0;
L_0x564d26464cc0 .arith/sub 32, v0x564d26461e00_0, v0x564d26462120_0;
L_0x564d26464db0 .arith/sub 32, v0x564d26461ee0_0, v0x564d26462210_0;
L_0x564d26464ee0 .arith/sub 32, v0x564d26461f80_0, v0x564d264622e0_0;
L_0x564d26464fd0 .arith/sub 32, v0x564d26462050_0, v0x564d264623b0_0;
S_0x564d263dc7a0 .scope module, "f1" "fft2" 4 90, 5 1 0, S_0x564d26431e10;
 .timescale 0 0;
    .port_info 0 /INPUT 32 "xr";
    .port_info 1 /INPUT 32 "xi";
    .port_info 2 /INPUT 32 "yr";
    .port_info 3 /INPUT 32 "yi";
    .port_info 4 /OUTPUT 32 "Xr";
    .port_info 5 /OUTPUT 32 "Xi";
    .port_info 6 /OUTPUT 32 "Yr";
    .port_info 7 /OUTPUT 32 "Yi";
v0x564d263edb60_0 .net "Xi", 31 0, L_0x564d2647a610;  alias, 1 drivers
v0x564d263ee900_0 .net "Xr", 31 0, L_0x564d2647a290;  alias, 1 drivers
v0x564d26402ac0_0 .net "Yi", 31 0, L_0x564d2647a860;  alias, 1 drivers
v0x564d263d45f0_0 .net "Yr", 31 0, L_0x564d2647a4e0;  alias, 1 drivers
v0x564d26402180_0 .net "xi", 31 0, L_0x564d26478600;  alias, 1 drivers
v0x564d264166d0_0 .net "xr", 31 0, L_0x564d26478440;  alias, 1 drivers
v0x564d26450920_0 .net "yi", 31 0, L_0x564d26478980;  alias, 1 drivers
v0x564d26450a00_0 .net "yr", 31 0, L_0x564d264787c0;  alias, 1 drivers
L_0x564d2647a290 .arith/sum 32, L_0x564d26478440, L_0x564d264787c0;
L_0x564d2647a4e0 .arith/sub 32, L_0x564d26478440, L_0x564d264787c0;
L_0x564d2647a610 .arith/sum 32, L_0x564d26478600, L_0x564d26478980;
L_0x564d2647a860 .arith/sub 32, L_0x564d26478600, L_0x564d26478980;
S_0x564d26450c30 .scope module, "f2" "fft2" 4 91, 5 1 0, S_0x564d26431e10;
 .timescale 0 0;
    .port_info 0 /INPUT 32 "xr";
    .port_info 1 /INPUT 32 "xi";
    .port_info 2 /INPUT 32 "yr";
    .port_info 3 /INPUT 32 "yi";
    .port_info 4 /OUTPUT 32 "Xr";
    .port_info 5 /OUTPUT 32 "Xi";
    .port_info 6 /OUTPUT 32 "Yr";
    .port_info 7 /OUTPUT 32 "Yi";
v0x564d26450f00_0 .net "Xi", 31 0, L_0x564d2647ad10;  alias, 1 drivers
v0x564d26450fe0_0 .net "Xr", 31 0, L_0x564d2647a990;  alias, 1 drivers
v0x564d264510c0_0 .net "Yi", 31 0, L_0x564d2647af60;  alias, 1 drivers
v0x564d26451180_0 .net "Yr", 31 0, L_0x564d2647abe0;  alias, 1 drivers
v0x564d26451260_0 .net "xi", 31 0, L_0x564d26478be0;  alias, 1 drivers
v0x564d26451390_0 .net "xr", 31 0, L_0x564d26478b40;  alias, 1 drivers
v0x564d26451470_0 .net "yi", 31 0, L_0x564d26479c00;  alias, 1 drivers
v0x564d26451550_0 .net "yr", 31 0, L_0x564d26479a20;  alias, 1 drivers
L_0x564d2647a990 .arith/sum 32, L_0x564d26478b40, L_0x564d26479a20;
L_0x564d2647abe0 .arith/sub 32, L_0x564d26478b40, L_0x564d26479a20;
L_0x564d2647ad10 .arith/sum 32, L_0x564d26478be0, L_0x564d26479c00;
L_0x564d2647af60 .arith/sub 32, L_0x564d26478be0, L_0x564d26479c00;
S_0x564d26451780 .scope module, "f3" "fft2" 4 92, 5 1 0, S_0x564d26431e10;
 .timescale 0 0;
    .port_info 0 /INPUT 32 "xr";
    .port_info 1 /INPUT 32 "xi";
    .port_info 2 /INPUT 32 "yr";
    .port_info 3 /INPUT 32 "yi";
    .port_info 4 /OUTPUT 32 "Xr";
    .port_info 5 /OUTPUT 32 "Xi";
    .port_info 6 /OUTPUT 32 "Yr";
    .port_info 7 /OUTPUT 32 "Yi";
v0x564d26451a30_0 .net "Xi", 31 0, L_0x564d2647b410;  alias, 1 drivers
v0x564d26451b10_0 .net "Xr", 31 0, L_0x564d2647b090;  alias, 1 drivers
v0x564d26451bf0_0 .net "Yi", 31 0, L_0x564d2647b660;  alias, 1 drivers
v0x564d26451cb0_0 .net "Yr", 31 0, L_0x564d2647b2e0;  alias, 1 drivers
v0x564d26451d90_0 .net "xi", 31 0, L_0x564d26478fc0;  alias, 1 drivers
v0x564d26451ec0_0 .net "xr", 31 0, L_0x564d26478e00;  alias, 1 drivers
v0x564d26451fa0_0 .net "yi", 31 0, L_0x564d26479340;  alias, 1 drivers
v0x564d26452080_0 .net "yr", 31 0, L_0x564d26479180;  alias, 1 drivers
L_0x564d2647b090 .arith/sum 32, L_0x564d26478e00, L_0x564d26479180;
L_0x564d2647b2e0 .arith/sub 32, L_0x564d26478e00, L_0x564d26479180;
L_0x564d2647b410 .arith/sum 32, L_0x564d26478fc0, L_0x564d26479340;
L_0x564d2647b660 .arith/sub 32, L_0x564d26478fc0, L_0x564d26479340;
S_0x564d264522b0 .scope module, "f4" "fft2" 4 93, 5 1 0, S_0x564d26431e10;
 .timescale 0 0;
    .port_info 0 /INPUT 32 "xr";
    .port_info 1 /INPUT 32 "xi";
    .port_info 2 /INPUT 32 "yr";
    .port_info 3 /INPUT 32 "yi";
    .port_info 4 /OUTPUT 32 "Xr";
    .port_info 5 /OUTPUT 32 "Xi";
    .port_info 6 /OUTPUT 32 "Yr";
    .port_info 7 /OUTPUT 32 "Yi";
v0x564d26452560_0 .net "Xi", 31 0, L_0x564d2647bb10;  alias, 1 drivers
v0x564d26452660_0 .net "Xr", 31 0, L_0x564d2647b790;  alias, 1 drivers
v0x564d26452740_0 .net "Yi", 31 0, L_0x564d2647bd60;  alias, 1 drivers
v0x564d26452800_0 .net "Yr", 31 0, L_0x564d2647b9e0;  alias, 1 drivers
v0x564d264528e0_0 .net "xi", 31 0, L_0x564d264795a0;  alias, 1 drivers
v0x564d26452a10_0 .net "xr", 31 0, L_0x564d26479500;  alias, 1 drivers
v0x564d26452af0_0 .net "yi", 31 0, L_0x564d2647a1b0;  alias, 1 drivers
v0x564d26452bd0_0 .net "yr", 31 0, L_0x564d26479fd0;  alias, 1 drivers
L_0x564d2647b790 .arith/sum 32, L_0x564d26479500, L_0x564d26479fd0;
L_0x564d2647b9e0 .arith/sub 32, L_0x564d26479500, L_0x564d26479fd0;
L_0x564d2647bb10 .arith/sum 32, L_0x564d264795a0, L_0x564d2647a1b0;
L_0x564d2647bd60 .arith/sub 32, L_0x564d264795a0, L_0x564d2647a1b0;
S_0x564d26452e00 .scope module, "ff1" "fft_n4" 4 66, 6 2 0, S_0x564d26431e10;
 .timescale 0 0;
    .port_info 0 /INPUT 32 "Ar";
    .port_info 1 /INPUT 32 "Ai";
    .port_info 2 /INPUT 32 "Br";
    .port_info 3 /INPUT 32 "Bi";
    .port_info 4 /INPUT 32 "Cr";
    .port_info 5 /INPUT 32 "Ci";
    .port_info 6 /INPUT 32 "Dr";
    .port_info 7 /INPUT 32 "Di";
    .port_info 8 /OUTPUT 32 "Xr0";
    .port_info 9 /OUTPUT 32 "Xi0";
    .port_info 10 /OUTPUT 32 "Xr1";
    .port_info 11 /OUTPUT 32 "Xi1";
    .port_info 12 /OUTPUT 32 "Xr2";
    .port_info 13 /OUTPUT 32 "Xi2";
    .port_info 14 /OUTPUT 32 "Xr3";
    .port_info 15 /OUTPUT 32 "Xi3";
v0x564d26453170_0 .net "Ai", 31 0, L_0x564d26475840;  alias, 1 drivers
v0x564d26453270_0 .net "Ar", 31 0, L_0x564d26475530;  alias, 1 drivers
v0x564d26453350_0 .net "Bi", 31 0, L_0x564d26475f00;  alias, 1 drivers
v0x564d26453410_0 .net "Br", 31 0, L_0x564d26475c80;  alias, 1 drivers
v0x564d264534f0_0 .net "Ci", 31 0, L_0x564d264764c0;  alias, 1 drivers
v0x564d26453620_0 .net "Cr", 31 0, L_0x564d26476120;  alias, 1 drivers
v0x564d26453700_0 .net "Di", 31 0, L_0x564d26476a80;  alias, 1 drivers
v0x564d264537e0_0 .net "Dr", 31 0, L_0x564d264766e0;  alias, 1 drivers
v0x564d264538c0_0 .net "Xi0", 31 0, L_0x564d26478600;  alias, 1 drivers
v0x564d26453980_0 .net "Xi1", 31 0, L_0x564d26478980;  alias, 1 drivers
v0x564d26453a20_0 .net "Xi2", 31 0, L_0x564d26478be0;  alias, 1 drivers
v0x564d26453ac0_0 .net "Xi3", 31 0, L_0x564d26478d60;  alias, 1 drivers
v0x564d26453b80_0 .net "Xr0", 31 0, L_0x564d26478440;  alias, 1 drivers
v0x564d26453c40_0 .net "Xr1", 31 0, L_0x564d264787c0;  alias, 1 drivers
v0x564d26453ce0_0 .net "Xr2", 31 0, L_0x564d26478b40;  alias, 1 drivers
v0x564d26453d80_0 .net "Xr3", 31 0, L_0x564d26478cc0;  alias, 1 drivers
L_0x564d26478440 .arith/sum 32, L_0x564d26475530, L_0x564d26476120;
L_0x564d26478600 .arith/sum 32, L_0x564d26475840, L_0x564d264764c0;
L_0x564d264787c0 .arith/sum 32, L_0x564d26475c80, L_0x564d264766e0;
L_0x564d26478980 .arith/sum 32, L_0x564d26475f00, L_0x564d26476a80;
L_0x564d26478b40 .arith/sub 32, L_0x564d26475530, L_0x564d26476120;
L_0x564d26478be0 .arith/sub 32, L_0x564d26475840, L_0x564d264764c0;
L_0x564d26478cc0 .arith/sub 32, L_0x564d26475c80, L_0x564d264766e0;
L_0x564d26478d60 .arith/sub 32, L_0x564d26475f00, L_0x564d26476a80;
S_0x564d264540d0 .scope module, "ff2" "fft_n4" 4 67, 6 2 0, S_0x564d26431e10;
 .timescale 0 0;
    .port_info 0 /INPUT 32 "Ar";
    .port_info 1 /INPUT 32 "Ai";
    .port_info 2 /INPUT 32 "Br";
    .port_info 3 /INPUT 32 "Bi";
    .port_info 4 /INPUT 32 "Cr";
    .port_info 5 /INPUT 32 "Ci";
    .port_info 6 /INPUT 32 "Dr";
    .port_info 7 /INPUT 32 "Di";
    .port_info 8 /OUTPUT 32 "Xr0";
    .port_info 9 /OUTPUT 32 "Xi0";
    .port_info 10 /OUTPUT 32 "Xr1";
    .port_info 11 /OUTPUT 32 "Xi1";
    .port_info 12 /OUTPUT 32 "Xr2";
    .port_info 13 /OUTPUT 32 "Xi2";
    .port_info 14 /OUTPUT 32 "Xr3";
    .port_info 15 /OUTPUT 32 "Xi3";
v0x564d264543f0_0 .net "Ai", 31 0, L_0x564d26477040;  alias, 1 drivers
v0x564d264544f0_0 .net "Ar", 31 0, L_0x564d26476ca0;  alias, 1 drivers
v0x564d264545d0_0 .net "Bi", 31 0, L_0x564d264776a0;  alias, 1 drivers
v0x564d26454690_0 .net "Br", 31 0, L_0x564d26477300;  alias, 1 drivers
v0x564d26454770_0 .net "Ci", 31 0, L_0x564d26477d00;  alias, 1 drivers
v0x564d264548a0_0 .net "Cr", 31 0, L_0x564d26477960;  alias, 1 drivers
v0x564d26454980_0 .net "Di", 31 0, L_0x564d26478360;  alias, 1 drivers
v0x564d26454a60_0 .net "Dr", 31 0, L_0x564d26477fc0;  alias, 1 drivers
v0x564d26454b40_0 .net "Xi0", 31 0, L_0x564d26478fc0;  alias, 1 drivers
v0x564d26454c90_0 .net "Xi1", 31 0, L_0x564d26479340;  alias, 1 drivers
v0x564d26454d60_0 .net "Xi2", 31 0, L_0x564d264795a0;  alias, 1 drivers
v0x564d26454e30_0 .net "Xi3", 31 0, L_0x564d26479720;  alias, 1 drivers
v0x564d26454ef0_0 .net "Xr0", 31 0, L_0x564d26478e00;  alias, 1 drivers
v0x564d26454fe0_0 .net "Xr1", 31 0, L_0x564d26479180;  alias, 1 drivers
v0x564d264550b0_0 .net "Xr2", 31 0, L_0x564d26479500;  alias, 1 drivers
v0x564d26455180_0 .net "Xr3", 31 0, L_0x564d26479680;  alias, 1 drivers
L_0x564d26478e00 .arith/sum 32, L_0x564d26476ca0, L_0x564d26477960;
L_0x564d26478fc0 .arith/sum 32, L_0x564d26477040, L_0x564d26477d00;
L_0x564d26479180 .arith/sum 32, L_0x564d26477300, L_0x564d26477fc0;
L_0x564d26479340 .arith/sum 32, L_0x564d264776a0, L_0x564d26478360;
L_0x564d26479500 .arith/sub 32, L_0x564d26476ca0, L_0x564d26477960;
L_0x564d264795a0 .arith/sub 32, L_0x564d26477040, L_0x564d26477d00;
L_0x564d26479680 .arith/sub 32, L_0x564d26477300, L_0x564d26477fc0;
L_0x564d26479720 .arith/sub 32, L_0x564d264776a0, L_0x564d26478360;
S_0x564d264554d0 .scope module, "m0" "complex_mul" 4 56, 7 1 0, S_0x564d26431e10;
 .timescale 0 0;
    .port_info 0 /INPUT 32 "Xr";
    .port_info 1 /INPUT 32 "Xi";
    .port_info 2 /INPUT 32 "Yr";
    .port_info 3 /INPUT 32 "Yi";
    .port_info 4 /OUTPUT 32 "Pr";
    .port_info 5 /OUTPUT 32 "Pi";
v0x564d26455700_0 .net/s "Pi", 31 0, L_0x564d26475840;  alias, 1 drivers
v0x564d26455810_0 .net/s "Pr", 31 0, L_0x564d26475530;  alias, 1 drivers
v0x564d264558e0_0 .net/s "Xi", 31 0, L_0x7ff77c35c018;  alias, 1 drivers
v0x564d264559b0_0 .net/s "Xr", 31 0, L_0x564d26464660;  alias, 1 drivers
v0x564d26460ce0_0 .array/port v0x564d26460ce0, 0;
v0x564d26455a90_0 .net/s "Yi", 31 0, v0x564d26460ce0_0;  1 drivers
v0x564d26460840_0 .array/port v0x564d26460840, 0;
v0x564d26455bc0_0 .net/s "Yr", 31 0, v0x564d26460840_0;  1 drivers
v0x564d26455ca0_0 .net/s *"_ivl_1", 31 0, L_0x564d264753f0;  1 drivers
v0x564d26455d80_0 .net/s *"_ivl_3", 31 0, L_0x564d26475490;  1 drivers
v0x564d26455e60_0 .net/s *"_ivl_7", 31 0, L_0x564d26475670;  1 drivers
v0x564d26455f40_0 .net/s *"_ivl_9", 31 0, L_0x564d26475710;  1 drivers
L_0x564d264753f0 .arith/mult 32, L_0x564d26464660, v0x564d26460840_0;
L_0x564d26475490 .arith/mult 32, L_0x7ff77c35c018, v0x564d26460ce0_0;
L_0x564d26475530 .arith/sub 32, L_0x564d264753f0, L_0x564d26475490;
L_0x564d26475670 .arith/mult 32, L_0x564d26464660, v0x564d26460ce0_0;
L_0x564d26475710 .arith/mult 32, L_0x7ff77c35c018, v0x564d26460840_0;
L_0x564d26475840 .arith/sum 32, L_0x564d26475670, L_0x564d26475710;
S_0x564d264560e0 .scope module, "m1" "complex_mul" 4 57, 7 1 0, S_0x564d26431e10;
 .timescale 0 0;
    .port_info 0 /INPUT 32 "Xr";
    .port_info 1 /INPUT 32 "Xi";
    .port_info 2 /INPUT 32 "Yr";
    .port_info 3 /INPUT 32 "Yi";
    .port_info 4 /OUTPUT 32 "Pr";
    .port_info 5 /OUTPUT 32 "Pi";
v0x564d26456310_0 .net/s "Pi", 31 0, L_0x564d26475f00;  alias, 1 drivers
v0x564d264563f0_0 .net/s "Pr", 31 0, L_0x564d26475c80;  alias, 1 drivers
v0x564d264564c0_0 .net/s "Xi", 31 0, L_0x7ff77c35c060;  alias, 1 drivers
v0x564d26456590_0 .net/s "Xr", 31 0, L_0x564d26464810;  alias, 1 drivers
v0x564d26456670_0 .net/s "Yi", 31 0, v0x564d26460ce0_0;  alias, 1 drivers
v0x564d26456780_0 .net/s "Yr", 31 0, v0x564d26460840_0;  alias, 1 drivers
v0x564d26456850_0 .net/s *"_ivl_1", 31 0, L_0x564d26475920;  1 drivers
v0x564d26456910_0 .net/s *"_ivl_3", 31 0, L_0x564d26475ad0;  1 drivers
v0x564d264569f0_0 .net/s *"_ivl_7", 31 0, L_0x564d26475dc0;  1 drivers
v0x564d26456b60_0 .net/s *"_ivl_9", 31 0, L_0x564d26475e60;  1 drivers
L_0x564d26475920 .arith/mult 32, L_0x564d26464810, v0x564d26460840_0;
L_0x564d26475ad0 .arith/mult 32, L_0x7ff77c35c060, v0x564d26460ce0_0;
L_0x564d26475c80 .arith/sub 32, L_0x564d26475920, L_0x564d26475ad0;
L_0x564d26475dc0 .arith/mult 32, L_0x564d26464810, v0x564d26460ce0_0;
L_0x564d26475e60 .arith/mult 32, L_0x7ff77c35c060, v0x564d26460840_0;
L_0x564d26475f00 .arith/sum 32, L_0x564d26475dc0, L_0x564d26475e60;
S_0x564d26456d00 .scope module, "m2" "complex_mul" 4 58, 7 1 0, S_0x564d26431e10;
 .timescale 0 0;
    .port_info 0 /INPUT 32 "Xr";
    .port_info 1 /INPUT 32 "Xi";
    .port_info 2 /INPUT 32 "Yr";
    .port_info 3 /INPUT 32 "Yi";
    .port_info 4 /OUTPUT 32 "Pr";
    .port_info 5 /OUTPUT 32 "Pi";
v0x564d26456fc0_0 .net/s "Pi", 31 0, L_0x564d264764c0;  alias, 1 drivers
v0x564d264570d0_0 .net/s "Pr", 31 0, L_0x564d26476120;  alias, 1 drivers
v0x564d264571a0_0 .net/s "Xi", 31 0, L_0x7ff77c35c0a8;  alias, 1 drivers
v0x564d26457270_0 .net/s "Xr", 31 0, L_0x564d264649a0;  alias, 1 drivers
v0x564d26457350_0 .net/s "Yi", 31 0, v0x564d26460ce0_0;  alias, 1 drivers
v0x564d26457460_0 .net/s "Yr", 31 0, v0x564d26460840_0;  alias, 1 drivers
v0x564d26457570_0 .net/s *"_ivl_1", 31 0, L_0x564d26475fe0;  1 drivers
v0x564d26457650_0 .net/s *"_ivl_3", 31 0, L_0x564d26476080;  1 drivers
v0x564d26457730_0 .net/s *"_ivl_7", 31 0, L_0x564d26476260;  1 drivers
v0x564d264578a0_0 .net/s *"_ivl_9", 31 0, L_0x564d26476390;  1 drivers
L_0x564d26475fe0 .arith/mult 32, L_0x564d264649a0, v0x564d26460840_0;
L_0x564d26476080 .arith/mult 32, L_0x7ff77c35c0a8, v0x564d26460ce0_0;
L_0x564d26476120 .arith/sub 32, L_0x564d26475fe0, L_0x564d26476080;
L_0x564d26476260 .arith/mult 32, L_0x564d264649a0, v0x564d26460ce0_0;
L_0x564d26476390 .arith/mult 32, L_0x7ff77c35c0a8, v0x564d26460840_0;
L_0x564d264764c0 .arith/sum 32, L_0x564d26476260, L_0x564d26476390;
S_0x564d26457a40 .scope module, "m3" "complex_mul" 4 59, 7 1 0, S_0x564d26431e10;
 .timescale 0 0;
    .port_info 0 /INPUT 32 "Xr";
    .port_info 1 /INPUT 32 "Xi";
    .port_info 2 /INPUT 32 "Yr";
    .port_info 3 /INPUT 32 "Yi";
    .port_info 4 /OUTPUT 32 "Pr";
    .port_info 5 /OUTPUT 32 "Pi";
v0x564d26457c70_0 .net/s "Pi", 31 0, L_0x564d26476a80;  alias, 1 drivers
v0x564d26457d50_0 .net/s "Pr", 31 0, L_0x564d264766e0;  alias, 1 drivers
v0x564d26457df0_0 .net/s "Xi", 31 0, L_0x7ff77c35c0f0;  alias, 1 drivers
v0x564d26457e90_0 .net/s "Xr", 31 0, L_0x564d26464b30;  alias, 1 drivers
v0x564d26457f70_0 .net/s "Yi", 31 0, v0x564d26460ce0_0;  alias, 1 drivers
v0x564d26458080_0 .net/s "Yr", 31 0, v0x564d26460840_0;  alias, 1 drivers
v0x564d26458140_0 .net/s *"_ivl_1", 31 0, L_0x564d264765a0;  1 drivers
v0x564d26458220_0 .net/s *"_ivl_3", 31 0, L_0x564d26476640;  1 drivers
v0x564d26458300_0 .net/s *"_ivl_7", 31 0, L_0x564d26476820;  1 drivers
v0x564d26458470_0 .net/s *"_ivl_9", 31 0, L_0x564d26476950;  1 drivers
L_0x564d264765a0 .arith/mult 32, L_0x564d26464b30, v0x564d26460840_0;
L_0x564d26476640 .arith/mult 32, L_0x7ff77c35c0f0, v0x564d26460ce0_0;
L_0x564d264766e0 .arith/sub 32, L_0x564d264765a0, L_0x564d26476640;
L_0x564d26476820 .arith/mult 32, L_0x564d26464b30, v0x564d26460ce0_0;
L_0x564d26476950 .arith/mult 32, L_0x7ff77c35c0f0, v0x564d26460840_0;
L_0x564d26476a80 .arith/sum 32, L_0x564d26476820, L_0x564d26476950;
S_0x564d26458610 .scope module, "m4" "complex_mul" 4 60, 7 1 0, S_0x564d26431e10;
 .timescale 0 0;
    .port_info 0 /INPUT 32 "Xr";
    .port_info 1 /INPUT 32 "Xi";
    .port_info 2 /INPUT 32 "Yr";
    .port_info 3 /INPUT 32 "Yi";
    .port_info 4 /OUTPUT 32 "Pr";
    .port_info 5 /OUTPUT 32 "Pi";
v0x564d26458840_0 .net/s "Pi", 31 0, L_0x564d26477040;  alias, 1 drivers
v0x564d26458920_0 .net/s "Pr", 31 0, L_0x564d26476ca0;  alias, 1 drivers
v0x564d264589f0_0 .net/s "Xi", 31 0, L_0x7ff77c35c138;  alias, 1 drivers
v0x564d26458ac0_0 .net/s "Xr", 31 0, L_0x564d26464cc0;  alias, 1 drivers
v0x564d26458ba0_0 .net/s "Yi", 31 0, v0x564d26460ce0_0;  alias, 1 drivers
v0x564d26458d40_0 .net/s "Yr", 31 0, v0x564d26460840_0;  alias, 1 drivers
v0x564d26458e90_0 .net/s *"_ivl_1", 31 0, L_0x564d26476b60;  1 drivers
v0x564d26458f70_0 .net/s *"_ivl_3", 31 0, L_0x564d26476c00;  1 drivers
v0x564d26459050_0 .net/s *"_ivl_7", 31 0, L_0x564d26476de0;  1 drivers
v0x564d264591c0_0 .net/s *"_ivl_9", 31 0, L_0x564d26476f10;  1 drivers
L_0x564d26476b60 .arith/mult 32, L_0x564d26464cc0, v0x564d26460840_0;
L_0x564d26476c00 .arith/mult 32, L_0x7ff77c35c138, v0x564d26460ce0_0;
L_0x564d26476ca0 .arith/sub 32, L_0x564d26476b60, L_0x564d26476c00;
L_0x564d26476de0 .arith/mult 32, L_0x564d26464cc0, v0x564d26460ce0_0;
L_0x564d26476f10 .arith/mult 32, L_0x7ff77c35c138, v0x564d26460840_0;
L_0x564d26477040 .arith/sum 32, L_0x564d26476de0, L_0x564d26476f10;
S_0x564d264593a0 .scope module, "m5" "complex_mul" 4 61, 7 1 0, S_0x564d26431e10;
 .timescale 0 0;
    .port_info 0 /INPUT 32 "Xr";
    .port_info 1 /INPUT 32 "Xi";
    .port_info 2 /INPUT 32 "Yr";
    .port_info 3 /INPUT 32 "Yi";
    .port_info 4 /OUTPUT 32 "Pr";
    .port_info 5 /OUTPUT 32 "Pi";
v0x564d264595d0_0 .net/s "Pi", 31 0, L_0x564d264776a0;  alias, 1 drivers
v0x564d264596b0_0 .net/s "Pr", 31 0, L_0x564d26477300;  alias, 1 drivers
v0x564d26459780_0 .net/s "Xi", 31 0, L_0x7ff77c35c180;  alias, 1 drivers
v0x564d26459850_0 .net/s "Xr", 31 0, L_0x564d26464db0;  alias, 1 drivers
v0x564d26460ce0_1 .array/port v0x564d26460ce0, 1;
v0x564d26459930_0 .net/s "Yi", 31 0, v0x564d26460ce0_1;  1 drivers
v0x564d26460840_1 .array/port v0x564d26460840, 1;
v0x564d26459a10_0 .net/s "Yr", 31 0, v0x564d26460840_1;  1 drivers
v0x564d26459af0_0 .net/s *"_ivl_1", 31 0, L_0x564d26477120;  1 drivers
v0x564d26459bd0_0 .net/s *"_ivl_3", 31 0, L_0x564d26477210;  1 drivers
v0x564d26459cb0_0 .net/s *"_ivl_7", 31 0, L_0x564d26477440;  1 drivers
v0x564d26459e20_0 .net/s *"_ivl_9", 31 0, L_0x564d26477570;  1 drivers
L_0x564d26477120 .arith/mult 32, L_0x564d26464db0, v0x564d26460840_1;
L_0x564d26477210 .arith/mult 32, L_0x7ff77c35c180, v0x564d26460ce0_1;
L_0x564d26477300 .arith/sub 32, L_0x564d26477120, L_0x564d26477210;
L_0x564d26477440 .arith/mult 32, L_0x564d26464db0, v0x564d26460ce0_1;
L_0x564d26477570 .arith/mult 32, L_0x7ff77c35c180, v0x564d26460840_1;
L_0x564d264776a0 .arith/sum 32, L_0x564d26477440, L_0x564d26477570;
S_0x564d2645a000 .scope module, "m6" "complex_mul" 4 62, 7 1 0, S_0x564d26431e10;
 .timescale 0 0;
    .port_info 0 /INPUT 32 "Xr";
    .port_info 1 /INPUT 32 "Xi";
    .port_info 2 /INPUT 32 "Yr";
    .port_info 3 /INPUT 32 "Yi";
    .port_info 4 /OUTPUT 32 "Pr";
    .port_info 5 /OUTPUT 32 "Pi";
v0x564d2645a230_0 .net/s "Pi", 31 0, L_0x564d26477d00;  alias, 1 drivers
v0x564d2645a310_0 .net/s "Pr", 31 0, L_0x564d26477960;  alias, 1 drivers
v0x564d2645a3e0_0 .net/s "Xi", 31 0, L_0x7ff77c35c1c8;  alias, 1 drivers
v0x564d2645a4b0_0 .net/s "Xr", 31 0, L_0x564d26464ee0;  alias, 1 drivers
v0x564d26460ce0_2 .array/port v0x564d26460ce0, 2;
v0x564d2645a590_0 .net/s "Yi", 31 0, v0x564d26460ce0_2;  1 drivers
v0x564d26460840_2 .array/port v0x564d26460840, 2;
v0x564d2645a670_0 .net/s "Yr", 31 0, v0x564d26460840_2;  1 drivers
v0x564d2645a750_0 .net/s *"_ivl_1", 31 0, L_0x564d26477780;  1 drivers
v0x564d2645a830_0 .net/s *"_ivl_3", 31 0, L_0x564d26477870;  1 drivers
v0x564d2645a910_0 .net/s *"_ivl_7", 31 0, L_0x564d26477aa0;  1 drivers
v0x564d2645aa80_0 .net/s *"_ivl_9", 31 0, L_0x564d26477bd0;  1 drivers
L_0x564d26477780 .arith/mult 32, L_0x564d26464ee0, v0x564d26460840_2;
L_0x564d26477870 .arith/mult 32, L_0x7ff77c35c1c8, v0x564d26460ce0_2;
L_0x564d26477960 .arith/sub 32, L_0x564d26477780, L_0x564d26477870;
L_0x564d26477aa0 .arith/mult 32, L_0x564d26464ee0, v0x564d26460ce0_2;
L_0x564d26477bd0 .arith/mult 32, L_0x7ff77c35c1c8, v0x564d26460840_2;
L_0x564d26477d00 .arith/sum 32, L_0x564d26477aa0, L_0x564d26477bd0;
S_0x564d2645ac60 .scope module, "m7" "complex_mul" 4 63, 7 1 0, S_0x564d26431e10;
 .timescale 0 0;
    .port_info 0 /INPUT 32 "Xr";
    .port_info 1 /INPUT 32 "Xi";
    .port_info 2 /INPUT 32 "Yr";
    .port_info 3 /INPUT 32 "Yi";
    .port_info 4 /OUTPUT 32 "Pr";
    .port_info 5 /OUTPUT 32 "Pi";
v0x564d2645ae90_0 .net/s "Pi", 31 0, L_0x564d26478360;  alias, 1 drivers
v0x564d2645af70_0 .net/s "Pr", 31 0, L_0x564d26477fc0;  alias, 1 drivers
v0x564d2645b040_0 .net/s "Xi", 31 0, L_0x7ff77c35c210;  alias, 1 drivers
v0x564d2645b110_0 .net/s "Xr", 31 0, L_0x564d26464fd0;  alias, 1 drivers
v0x564d26460ce0_3 .array/port v0x564d26460ce0, 3;
v0x564d2645b1f0_0 .net/s "Yi", 31 0, v0x564d26460ce0_3;  1 drivers
v0x564d26460840_3 .array/port v0x564d26460840, 3;
v0x564d2645b320_0 .net/s "Yr", 31 0, v0x564d26460840_3;  1 drivers
v0x564d2645b400_0 .net/s *"_ivl_1", 31 0, L_0x564d26477de0;  1 drivers
v0x564d2645b4e0_0 .net/s *"_ivl_3", 31 0, L_0x564d26477ed0;  1 drivers
v0x564d2645b5c0_0 .net/s *"_ivl_7", 31 0, L_0x564d26478100;  1 drivers
v0x564d2645b730_0 .net/s *"_ivl_9", 31 0, L_0x564d26478230;  1 drivers
L_0x564d26477de0 .arith/mult 32, L_0x564d26464fd0, v0x564d26460840_3;
L_0x564d26477ed0 .arith/mult 32, L_0x7ff77c35c210, v0x564d26460ce0_3;
L_0x564d26477fc0 .arith/sub 32, L_0x564d26477de0, L_0x564d26477ed0;
L_0x564d26478100 .arith/mult 32, L_0x564d26464fd0, v0x564d26460ce0_3;
L_0x564d26478230 .arith/mult 32, L_0x7ff77c35c210, v0x564d26460840_3;
L_0x564d26478360 .arith/sum 32, L_0x564d26478100, L_0x564d26478230;
S_0x564d2645b910 .scope module, "n1" "complex_mul" 4 87, 7 1 0, S_0x564d26431e10;
 .timescale 0 0;
    .port_info 0 /INPUT 32 "Xr";
    .port_info 1 /INPUT 32 "Xi";
    .port_info 2 /INPUT 32 "Yr";
    .port_info 3 /INPUT 32 "Yi";
    .port_info 4 /OUTPUT 32 "Pr";
    .port_info 5 /OUTPUT 32 "Pi";
v0x564d2645bb40_0 .net/s "Pi", 31 0, L_0x564d26479c00;  alias, 1 drivers
v0x564d2645bc20_0 .net/s "Pr", 31 0, L_0x564d26479a20;  alias, 1 drivers
v0x564d2645bcf0_0 .net/s "Xi", 31 0, L_0x564d26478d60;  alias, 1 drivers
v0x564d2645bdf0_0 .net/s "Xr", 31 0, L_0x564d26478cc0;  alias, 1 drivers
L_0x7ff77c35c2a0 .functor BUFT 1, C4<11111111111111111111111111111111>, C4<0>, C4<0>, C4<0>;
v0x564d2645bec0_0 .net/s "Yi", 31 0, L_0x7ff77c35c2a0;  1 drivers
L_0x7ff77c35c258 .functor BUFT 1, C4<00000000000000000000000000000000>, C4<0>, C4<0>, C4<0>;
v0x564d2645bfb0_0 .net/s "Yr", 31 0, L_0x7ff77c35c258;  1 drivers
v0x564d2645c090_0 .net/s *"_ivl_1", 31 0, L_0x564d264797c0;  1 drivers
v0x564d2645c170_0 .net/s *"_ivl_3", 31 0, L_0x564d264798f0;  1 drivers
v0x564d2645c250_0 .net/s *"_ivl_7", 31 0, L_0x564d26479ac0;  1 drivers
v0x564d2645c3c0_0 .net/s *"_ivl_9", 31 0, L_0x564d26479b60;  1 drivers
L_0x564d264797c0 .arith/mult 32, L_0x564d26478cc0, L_0x7ff77c35c258;
L_0x564d264798f0 .arith/mult 32, L_0x564d26478d60, L_0x7ff77c35c2a0;
L_0x564d26479a20 .arith/sub 32, L_0x564d264797c0, L_0x564d264798f0;
L_0x564d26479ac0 .arith/mult 32, L_0x564d26478cc0, L_0x7ff77c35c2a0;
L_0x564d26479b60 .arith/mult 32, L_0x564d26478d60, L_0x7ff77c35c258;
L_0x564d26479c00 .arith/sum 32, L_0x564d26479ac0, L_0x564d26479b60;
S_0x564d2645c5a0 .scope module, "n2" "complex_mul" 4 88, 7 1 0, S_0x564d26431e10;
 .timescale 0 0;
    .port_info 0 /INPUT 32 "Xr";
    .port_info 1 /INPUT 32 "Xi";
    .port_info 2 /INPUT 32 "Yr";
    .port_info 3 /INPUT 32 "Yi";
    .port_info 4 /OUTPUT 32 "Pr";
    .port_info 5 /OUTPUT 32 "Pi";
v0x564d2645c7d0_0 .net/s "Pi", 31 0, L_0x564d2647a1b0;  alias, 1 drivers
v0x564d2645c8b0_0 .net/s "Pr", 31 0, L_0x564d26479fd0;  alias, 1 drivers
v0x564d2645c980_0 .net/s "Xi", 31 0, L_0x564d26479720;  alias, 1 drivers
v0x564d2645ca80_0 .net/s "Xr", 31 0, L_0x564d26479680;  alias, 1 drivers
L_0x7ff77c35c330 .functor BUFT 1, C4<11111111111111111111111111111111>, C4<0>, C4<0>, C4<0>;
v0x564d2645cb50_0 .net/s "Yi", 31 0, L_0x7ff77c35c330;  1 drivers
L_0x7ff77c35c2e8 .functor BUFT 1, C4<00000000000000000000000000000000>, C4<0>, C4<0>, C4<0>;
v0x564d2645cc40_0 .net/s "Yr", 31 0, L_0x7ff77c35c2e8;  1 drivers
v0x564d2645cd20_0 .net/s *"_ivl_1", 31 0, L_0x564d26479d70;  1 drivers
v0x564d2645ce00_0 .net/s *"_ivl_3", 31 0, L_0x564d26479ea0;  1 drivers
v0x564d2645cee0_0 .net/s *"_ivl_7", 31 0, L_0x564d2647a070;  1 drivers
v0x564d2645d050_0 .net/s *"_ivl_9", 31 0, L_0x564d2647a110;  1 drivers
L_0x564d26479d70 .arith/mult 32, L_0x564d26479680, L_0x7ff77c35c2e8;
L_0x564d26479ea0 .arith/mult 32, L_0x564d26479720, L_0x7ff77c35c330;
L_0x564d26479fd0 .arith/sub 32, L_0x564d26479d70, L_0x564d26479ea0;
L_0x564d2647a070 .arith/mult 32, L_0x564d26479680, L_0x7ff77c35c330;
L_0x564d2647a110 .arith/mult 32, L_0x564d26479720, L_0x7ff77c35c2e8;
L_0x564d2647a1b0 .arith/sum 32, L_0x564d2647a070, L_0x564d2647a110;
    .scope S_0x564d26431e10;
T_0 ;
    %vpi_call 4 30 "$readmemh", "hexdata/sine.txt", v0x564d26460ce0 {0 0 0};
    %vpi_call 4 31 "$readmemh", "hexdata/cosine.txt", v0x564d26460840 {0 0 0};
    %end;
    .thread T_0;
    .scope S_0x564d26434c40;
T_1 ;
    %wait E_0x564d263dae90;
    %load/vec4 v0x564d264622e0_0;
    %assign/vec4 v0x564d264623b0_0, 0;
    %load/vec4 v0x564d26462210_0;
    %assign/vec4 v0x564d264622e0_0, 0;
    %load/vec4 v0x564d26462120_0;
    %assign/vec4 v0x564d26462210_0, 0;
    %load/vec4 v0x564d26462050_0;
    %assign/vec4 v0x564d26462120_0, 0;
    %load/vec4 v0x564d26461f80_0;
    %assign/vec4 v0x564d26462050_0, 0;
    %load/vec4 v0x564d26461ee0_0;
    %assign/vec4 v0x564d26461f80_0, 0;
    %load/vec4 v0x564d26461e00_0;
    %assign/vec4 v0x564d26461ee0_0, 0;
    %load/vec4 v0x564d264635b0_0;
    %assign/vec4 v0x564d26461e00_0, 0;
    %jmp T_1;
    .thread T_1;
    .scope S_0x564d26434000;
T_2 ;
    %pushi/vec4 0, 0, 1;
    %store/vec4 v0x564d26464520_0, 0, 1;
T_2.0 ;
    %delay 5, 0;
    %load/vec4 v0x564d26464520_0;
    %inv;
    %store/vec4 v0x564d26464520_0, 0, 1;
    %jmp T_2.0;
    %end;
    .thread T_2;
    .scope S_0x564d26434000;
T_3 ;
    %vpi_call 2 13 "$monitor", v0x564d264645c0_0, "\012", v0x564d26463f20_0, "  ", v0x564d26463fe0_0, "  ", v0x564d264640a0_0, "  ", v0x564d26464160_0, "  ", v0x564d26464220_0, "  ", v0x564d264642e0_0, "  ", v0x564d264643a0_0, "  ", v0x564d26464460_0, "\012", v0x564d263f2300_0, "  ", v0x564d264639b0_0, "  ", v0x564d26463a70_0, "  ", v0x564d26463b10_0, "  ", v0x564d26463bd0_0, "  ", v0x564d26463ce0_0, "  ", v0x564d26463da0_0, "  ", v0x564d26463e60_0 {0 0 0};
    %vpi_call 2 15 "$dumpfile", "dump.vcd" {0 0 0};
    %vpi_call 2 15 "$dumpvars" {0 0 0};
    %pushi/vec4 10, 0, 32;
    %store/vec4 v0x564d264645c0_0, 0, 32;
    %delay 10, 0;
    %pushi/vec4 1, 0, 32;
    %store/vec4 v0x564d264645c0_0, 0, 32;
    %delay 10, 0;
    %pushi/vec4 10, 0, 32;
    %store/vec4 v0x564d264645c0_0, 0, 32;
    %delay 10, 0;
    %pushi/vec4 1, 0, 32;
    %store/vec4 v0x564d264645c0_0, 0, 32;
    %delay 10, 0;
    %pushi/vec4 10, 0, 32;
    %store/vec4 v0x564d264645c0_0, 0, 32;
    %delay 10, 0;
    %pushi/vec4 1, 0, 32;
    %store/vec4 v0x564d264645c0_0, 0, 32;
    %delay 10, 0;
    %pushi/vec4 10, 0, 32;
    %store/vec4 v0x564d264645c0_0, 0, 32;
    %delay 10, 0;
    %pushi/vec4 1, 0, 32;
    %store/vec4 v0x564d264645c0_0, 0, 32;
    %delay 10, 0;
    %pushi/vec4 10, 0, 32;
    %store/vec4 v0x564d264645c0_0, 0, 32;
    %delay 10, 0;
    %pushi/vec4 1, 0, 32;
    %store/vec4 v0x564d264645c0_0, 0, 32;
    %delay 10, 0;
    %pushi/vec4 10, 0, 32;
    %store/vec4 v0x564d264645c0_0, 0, 32;
    %delay 10, 0;
    %pushi/vec4 1, 0, 32;
    %store/vec4 v0x564d264645c0_0, 0, 32;
    %delay 10, 0;
    %pushi/vec4 10, 0, 32;
    %store/vec4 v0x564d264645c0_0, 0, 32;
    %delay 10, 0;
    %pushi/vec4 1, 0, 32;
    %store/vec4 v0x564d264645c0_0, 0, 32;
    %delay 10, 0;
    %pushi/vec4 10, 0, 32;
    %store/vec4 v0x564d264645c0_0, 0, 32;
    %vpi_call 2 31 "$finish" {0 0 0};
    %end;
    .thread T_3;
# The file index is used to find the file name in the following table.
:file_names 8;
    "N/A";
    "<interactive>";
    "test/serial_ip_tb.v";
    "source/sendSig.v";
    "source/fft8.v";
    "source/fft2.v";
    "source/fft4.v";
    "source/complex_mul.v";
